<?xml version="1.0" encoding="UTF-8"?>
<!-- Generated by org.testng.reporters.JUnitXMLReporter -->
<testsuite ignored="0" hostname="L70459" failures="0" tests="2" name="Default test" time="3.677" errors="0" timestamp="2022-05-28T15:51:12 IST">
  <testcase classname="pk_spreecom.Retrieve_a_Country_UsingExtentReport_UtilityFunction" name="getDefaultCountry" time="2.278"/>
  <testcase classname="pk_spreecom.Retrieve_a_Country_UsingExtentReport_UtilityFunction" name="getCountry" time="0.8"/>
</testsuite> <!-- Default test -->
