<?xml version="1.0" encoding="UTF-8"?>
<!-- Generated by org.testng.reporters.JUnitXMLReporter -->
<testsuite ignored="0" hostname="L70459" failures="0" tests="4" name="Test" time="7.946" errors="0" timestamp="2022-05-28T14:53:50 IST">
  <testcase classname="pk_spreecom.NewTest" name="sanityTest" time="0.004"/>
  <testcase classname="pk_spreecom.Retrieve_a_Country" name="Get_Default_Country" time="0.863"/>
  <testcase classname="pk_spreecom.List_all_Countries" name="Get_Default_Country" time="2.977"/>
  <testcase classname="pk_spreecom.Create_Address_UsingFile1" name="CreateAddress" time="1.205"/>
</testsuite> <!-- Test -->
