<?xml version="1.0" encoding="UTF-8"?>
<!-- Generated by org.testng.reporters.JUnitXMLReporter -->
<testsuite hostname="L70459" ignored="0" name="Test" tests="4" failures="0" timestamp="2022-05-28T16:55:04 IST" time="14.618" errors="0">
  <testcase name="sanityTest" time="0.003" classname="pk_spreecom.NewTest"/>
  <testcase name="Get_Default_Country" time="1.287" classname="pk_spreecom.Retrieve_a_Country"/>
  <testcase name="Get_Default_Country" time="1.894" classname="pk_spreecom.List_all_Countries"/>
  <testcase name="CreateAddress" time="2.717" classname="pk_spreecom.Create_Address_UsingFile1"/>
</testsuite> <!-- Test -->
