<?xml version="1.0" encoding="UTF-8"?>
<testsuite xmlns:xsi="http://www.w3.org/2001/XMLSchema-instance" xsi:noNamespaceSchemaLocation="https://maven.apache.org/surefire/maven-surefire-plugin/xsd/surefire-test-report.xsd" name="TestSuite" time="16.665" tests="4" errors="0" skipped="0" failures="0">
  <properties>
[...]
</properties>
  <testcase name="sanityTest" classname="pk_spreecom.NewTest" time="0.008"/>
  <testcase name="Get_Default_Country" classname="pk_spreecom.Retrieve_a_Country" time="1.288"/>
  <testcase name="Get_Default_Country" classname="pk_spreecom.List_all_Countries" time="2.623"/>
  <testcase name="CreateAddress" classname="pk_spreecom.Create_Address_UsingFile1" time="1.992"/>
</testsuite>